Log file open, 04/07/24 10:33:46
LogPakFile: Display: Found Pak file ../../../SimpleShooter/Content/Paks/SimpleShooter-WindowsNoEditor.pak attempting to mount.
LogPakFile: Display: Mounting pak file ../../../SimpleShooter/Content/Paks/SimpleShooter-WindowsNoEditor.pak.
LogPlatformFile: Not using cached read wrapper
LogTaskGraph: Started task graph with 5 named threads and 35 total threads with 3 sets of task threads.
LogStats: Stats thread started at 1.236946
LogD3D11RHI: Loaded GFSDK_Aftermath_Lib.x64.dll
LogICUInternationalization: ICU TimeZone Detection - Raw Offset: +5:30, Platform Override: ''
LogPluginManager: Mounting plugin Paper2D
LogPluginManager: Mounting plugin AISupport
LogPluginManager: Mounting plugin LightPropagationVolume
LogPluginManager: Mounting plugin AnimationSharing
LogPluginManager: Mounting plugin SignificanceManager
LogPluginManager: Mounting plugin UObjectPlugin
LogPluginManager: Mounting plugin AssetManagerEditor
LogPluginManager: Mounting plugin FacialAnimation
LogPluginManager: Mounting plugin GeometryMode
LogPluginManager: Mounting plugin DatasmithContent
LogPluginManager: Mounting plugin VariantManagerContent
LogPluginManager: Mounting plugin AlembicImporter
LogPluginManager: Mounting plugin GeometryCache
LogPluginManager: Mounting plugin AutomationUtils
LogPluginManager: Mounting plugin ScreenshotTools
LogPluginManager: Mounting plugin BackChannel
LogPluginManager: Mounting plugin ChaosClothEditor
LogPluginManager: Mounting plugin ChaosCloth
LogPluginManager: Mounting plugin ChaosEditor
LogPluginManager: Mounting plugin PlanarCut
LogPluginManager: Mounting plugin GeometryProcessing
LogPluginManager: Mounting plugin EditableMesh
LogPluginManager: Mounting plugin GeometryCollectionPlugin
LogPluginManager: Mounting plugin ProceduralMeshComponent
LogPluginManager: Mounting plugin ChaosSolverPlugin
LogPluginManager: Mounting plugin ChaosNiagara
LogPluginManager: Mounting plugin Niagara
LogPluginManager: Mounting plugin CharacterAI
LogPluginManager: Mounting plugin PlatformCrypto
LogPluginManager: Mounting plugin MagicLeapPassableWorld
LogPluginManager: Mounting plugin MagicLeap
LogPluginManager: Mounting plugin MLSDK
LogPluginManager: Mounting plugin MagicLeapLightEstimation
LogPluginManager: Mounting plugin AvfMedia
LogPluginManager: Mounting plugin ImgMedia
LogPluginManager: Mounting plugin MediaCompositing
LogPluginManager: Mounting plugin WmfMedia
LogPluginManager: Mounting plugin MeshPainting
LogPluginManager: Mounting plugin TcpMessaging
LogPluginManager: Mounting plugin UdpMessaging
LogPluginManager: Mounting plugin ActorSequence
LogPluginManager: Mounting plugin LevelSequenceEditor
LogPluginManager: Mounting plugin MatineeToLevelSequence
LogPluginManager: Mounting plugin TemplateSequence
LogPluginManager: Mounting plugin MovieRenderPipeline
LogPluginManager: Mounting plugin EditorScriptingUtilities
LogPluginManager: Mounting plugin NetcodeUnitTest
LogPluginManager: Mounting plugin OnlineSubsystemNull
LogPluginManager: Mounting plugin OnlineSubsystem
LogPluginManager: Mounting plugin OnlineSubsystemUtils
LogPluginManager: Mounting plugin LauncherChunkInstaller
LogPluginManager: Mounting plugin AndroidPermission
LogPluginManager: Mounting plugin AppleImageUtils
LogPluginManager: Mounting plugin ArchVisCharacter
LogPluginManager: Mounting plugin AssetTags
LogPluginManager: Mounting plugin AudioCapture
LogPluginManager: Mounting plugin CableComponent
LogPluginManager: Mounting plugin CustomMeshComponent
LogPluginManager: Mounting plugin ExampleDeviceProfileSelector
LogPluginManager: Mounting plugin GooglePAD
LogPluginManager: Mounting plugin LocationServicesBPLibrary
LogPluginManager: Mounting plugin MobilePatchingUtils
LogPluginManager: Mounting plugin OculusVR
LogPluginManager: Mounting plugin PhysXVehicles
LogPluginManager: Mounting plugin RuntimePhysXCooking
LogPluginManager: Mounting plugin SoundFields
LogPluginManager: Mounting plugin SteamVR
LogPluginManager: Mounting plugin Synthesis
LogPluginManager: Mounting plugin WebMMoviePlayer
LogPluginManager: Mounting plugin WebMMedia
LogPluginManager: Mounting plugin WindowsMoviePlayer
LogInit: Using libcurl 7.55.1-DEV
LogInit:  - built for x86_64-pc-win32
LogInit:  - supports SSL with OpenSSL/1.1.1
LogInit:  - supports HTTP deflate (compression) using libz 1.2.8
LogInit:  - other features:
LogInit:      CURL_VERSION_SSL
LogInit:      CURL_VERSION_LIBZ
LogInit:      CURL_VERSION_IPV6
LogInit:      CURL_VERSION_ASYNCHDNS
LogInit:      CURL_VERSION_LARGEFILE
LogInit:      CURL_VERSION_IDN
LogInit:  CurlRequestOptions (configurable via config and command line):
LogInit:  - bVerifyPeer = true  - Libcurl will verify peer certificate
LogInit:  - bUseHttpProxy = false  - Libcurl will NOT use HTTP proxy
LogInit:  - bDontReuseConnections = false  - Libcurl will reuse connections
LogInit:  - MaxHostConnections = 16  - Libcurl will limit the number of connections to a host
LogInit:  - LocalHostAddr = Default
LogInit:  - BufferSize = 65536
LogOnline: OSS: Creating online subsystem instance for: NULL
LogInit: WinSock: version 1.1 (2.2), MaxSocks=32767, MaxUdp=65467
LogOnline: OSS: TryLoadSubsystemAndSetDefault: Loaded subsystem for module [NULL]
LogInit: Build: ++UE4+Release-4.25-CL-13942748
LogInit: Engine Version: 4.25.3-13942748+++UE4+Release-4.25
LogInit: Compatible Engine Version: 4.25.0-13144385+++UE4+Release-4.25
LogInit: Net CL: 13144385
LogInit: OS: Windows 10 (Release 2009) (), CPU: 11th Gen Intel(R) Core(TM) i5-11400F @ 2.60GHz, GPU: NVIDIA GeForce GTX 1650
LogInit: Compiled (64-bit): Jul 25 2020 02:13:35
LogInit: Compiled with Visual C++: 19.16.27032.01
LogInit: Build Configuration: Development
LogInit: Branch Name: ++UE4+Release-4.25
LogInit: Command Line: 
LogInit: Base Directory: E:/PRO/BattleField/SimpleShooter/Binaries/Win64/
LogInit: Allocator: binned2
LogInit: Installed Engine Build: 0
LogDevObjectVersion: Number of dev versions registered: 26
LogDevObjectVersion:   Dev-Blueprints (B0D832E4-1F89-4F0D-ACCF-7EB736FD4AA2): 10
LogDevObjectVersion:   Dev-Build (E1C64328-A22C-4D53-A36C-8E866417BD8C): 0
LogDevObjectVersion:   Dev-Core (375EC13C-06E4-48FB-B500-84F0262A717E): 4
LogDevObjectVersion:   Dev-Editor (E4B068ED-F494-42E9-A231-DA0B2E46BB41): 38
LogDevObjectVersion:   Dev-Framework (CFFC743F-43B0-4480-9391-14DF171D2073): 37
LogDevObjectVersion:   Dev-Mobile (B02B49B5-BB20-44E9-A304-32B752E40360): 2
LogDevObjectVersion:   Dev-Networking (A4E4105C-59A1-49B5-A7C5-40C4547EDFEE): 0
LogDevObjectVersion:   Dev-Online (39C831C9-5AE6-47DC-9A44-9C173E1C8E7C): 0
LogDevObjectVersion:   Dev-Physics (78F01B33-EBEA-4F98-B9B4-84EACCB95AA2): 4
LogDevObjectVersion:   Dev-Platform (6631380F-2D4D-43E0-8009-CF276956A95A): 0
LogDevObjectVersion:   Dev-Rendering (12F88B9F-8875-4AFC-A67C-D90C383ABD29): 43
LogDevObjectVersion:   Dev-Sequencer (7B5AE74C-D270-4C10-A958-57980B212A5A): 12
LogDevObjectVersion:   Dev-VR (D7296918-1DD6-4BDD-9DE2-64A83CC13884): 3
LogDevObjectVersion:   Dev-LoadTimes (C2A15278-BFE7-4AFE-6C17-90FF531DF755): 1
LogDevObjectVersion:   Private-Geometry (6EACA3D4-40EC-4CC1-B786-8BED09428FC5): 3
LogDevObjectVersion:   Dev-AnimPhys (29E575DD-E0A3-4627-9D10-D276232CDCEA): 17
LogDevObjectVersion:   Dev-Anim (AF43A65D-7FD3-4947-9873-3E8ED9C1BB05): 7
LogDevObjectVersion:   Dev-ReflectionCapture (6B266CEC-1EC7-4B8F-A30B-E4D90942FC07): 1
LogDevObjectVersion:   Dev-Automation (0DF73D61-A23F-47EA-B727-89E90C41499A): 1
LogDevObjectVersion:   FortniteMain (601D1886-AC64-4F84-AA16-D3DE0DEAC7D6): 31
LogDevObjectVersion:   Dev-Enterprise (9DFFBCD6-494F-0158-E221-12823C92A888): 10
LogDevObjectVersion:   Dev-Niagara (F2AED0AC-9AFE-416F-8664-AA7FFA26D6FC): 1
LogDevObjectVersion:   Dev-Destruction (174F1F0B-B4C6-45A5-B13F-2EE8D0FB917D): 10
LogDevObjectVersion:   Dev-Physics-Ext (35F94A83-E258-406C-A318-09F59610247C): 37
LogDevObjectVersion:   Dev-PhysicsMaterial-Chaos (B68FC16E-8B1B-42E2-B453-215C058844FE): 1
LogDevObjectVersion:   Dev-CineCamera (B2E18506-4273-CFC2-A54E-F4BB758BBA07): 1
LogInit: Presizing for max 2097152 objects, including 1 objects not considered by GC, pre-allocating 0 bytes for permanent pool.
LogConfig: Applying CVar settings from Section [/Script/Engine.StreamingSettings] File [../../../SimpleShooter/Saved/Config/WindowsNoEditor/Engine.ini]
LogConfig: Setting CVar [[s.MinBulkDataSizeForAsyncLoading:131072]]
LogConfig: Setting CVar [[s.AsyncLoadingThreadEnabled:0]]
LogConfig: Setting CVar [[s.EventDrivenLoaderEnabled:1]]
LogConfig: Setting CVar [[s.WarnIfTimeLimitExceeded:0]]
LogConfig: Setting CVar [[s.TimeLimitExceededMultiplier:1.5]]
LogConfig: Setting CVar [[s.TimeLimitExceededMinTime:0.005]]
LogConfig: Setting CVar [[s.UseBackgroundLevelStreaming:1]]
LogConfig: Setting CVar [[s.PriorityAsyncLoadingExtraTime:15.0]]
LogConfig: Setting CVar [[s.LevelStreamingActorsUpdateTimeLimit:5.0]]
LogConfig: Setting CVar [[s.PriorityLevelStreamingActorsUpdateExtraTime:5.0]]
LogConfig: Setting CVar [[s.LevelStreamingComponentsRegistrationGranularity:10]]
LogConfig: Setting CVar [[s.UnregisterComponentsTimeLimit:1.0]]
LogConfig: Setting CVar [[s.LevelStreamingComponentsUnregistrationGranularity:5]]
LogConfig: Setting CVar [[s.FlushStreamingOnExit:1]]
LogStreaming: Display: Async Loading initialized: Event Driven Loader: true, Async Loading Thread: false, Async Post Load: true
LogInit: Object subsystem initialized
LogConfig: Setting CVar [[con.DebugEarlyDefault:1]]
LogConfig: Setting CVar [[r.setres:1280x720]]
LogConfig: Setting CVar [[fx.NiagaraAllowRuntimeScalabilityChanges:1]]
[2024.04.07-05.03.47:003][  0]LogConfig: Setting CVar [[con.DebugEarlyDefault:1]]
[2024.04.07-05.03.47:003][  0]LogConfig: Setting CVar [[r.setres:1280x720]]
[2024.04.07-05.03.47:003][  0]LogConfig: Setting CVar [[fx.NiagaraAllowRuntimeScalabilityChanges:1]]
[2024.04.07-05.03.47:018][  0]LogConfig: Applying CVar settings from Section [/Script/Engine.RendererSettings] File [../../../SimpleShooter/Saved/Config/WindowsNoEditor/Engine.ini]
[2024.04.07-05.03.47:018][  0]LogConfig: Setting CVar [[r.GPUCrashDebugging:0]]
[2024.04.07-05.03.47:018][  0]LogConfig: Applying CVar settings from Section [/Script/Engine.RendererOverrideSettings] File [../../../SimpleShooter/Saved/Config/WindowsNoEditor/Engine.ini]
[2024.04.07-05.03.47:018][  0]LogConfig: Applying CVar settings from Section [/Script/Engine.StreamingSettings] File [../../../SimpleShooter/Saved/Config/WindowsNoEditor/Engine.ini]
[2024.04.07-05.03.47:018][  0]LogConfig: Setting CVar [[s.MinBulkDataSizeForAsyncLoading:131072]]
[2024.04.07-05.03.47:018][  0]LogConfig: Setting CVar [[s.AsyncLoadingThreadEnabled:0]]
[2024.04.07-05.03.47:018][  0]LogConfig: Setting CVar [[s.EventDrivenLoaderEnabled:1]]
[2024.04.07-05.03.47:018][  0]LogConfig: Setting CVar [[s.WarnIfTimeLimitExceeded:0]]
[2024.04.07-05.03.47:018][  0]LogConfig: Setting CVar [[s.TimeLimitExceededMultiplier:1.5]]
[2024.04.07-05.03.47:018][  0]LogConfig: Setting CVar [[s.TimeLimitExceededMinTime:0.005]]
[2024.04.07-05.03.47:018][  0]LogConfig: Setting CVar [[s.UseBackgroundLevelStreaming:1]]
[2024.04.07-05.03.47:018][  0]LogConfig: Setting CVar [[s.PriorityAsyncLoadingExtraTime:15.0]]
[2024.04.07-05.03.47:018][  0]LogConfig: Setting CVar [[s.LevelStreamingActorsUpdateTimeLimit:5.0]]
[2024.04.07-05.03.47:018][  0]LogConfig: Setting CVar [[s.PriorityLevelStreamingActorsUpdateExtraTime:5.0]]
[2024.04.07-05.03.47:018][  0]LogConfig: Setting CVar [[s.LevelStreamingComponentsRegistrationGranularity:10]]
[2024.04.07-05.03.47:018][  0]LogConfig: Setting CVar [[s.UnregisterComponentsTimeLimit:1.0]]
[2024.04.07-05.03.47:018][  0]LogConfig: Setting CVar [[s.LevelStreamingComponentsUnregistrationGranularity:5]]
[2024.04.07-05.03.47:018][  0]LogConfig: Setting CVar [[s.FlushStreamingOnExit:1]]
[2024.04.07-05.03.47:018][  0]LogConfig: Applying CVar settings from Section [/Script/Engine.GarbageCollectionSettings] File [../../../SimpleShooter/Saved/Config/WindowsNoEditor/Engine.ini]
[2024.04.07-05.03.47:018][  0]LogConfig: Setting CVar [[gc.MaxObjectsNotConsideredByGC:1]]
[2024.04.07-05.03.47:018][  0]LogConfig: Setting CVar [[gc.SizeOfPermanentObjectPool:0]]
[2024.04.07-05.03.47:018][  0]LogConfig: Setting CVar [[gc.FlushStreamingOnGC:0]]
[2024.04.07-05.03.47:018][  0]LogConfig: Setting CVar [[gc.NumRetriesBeforeForcingGC:10]]
[2024.04.07-05.03.47:018][  0]LogConfig: Setting CVar [[gc.AllowParallelGC:1]]
[2024.04.07-05.03.47:018][  0]LogConfig: Setting CVar [[gc.TimeBetweenPurgingPendingKillObjects:61.1]]
[2024.04.07-05.03.47:018][  0]LogConfig: Setting CVar [[gc.MaxObjectsInEditor:25165824]]
[2024.04.07-05.03.47:018][  0]LogConfig: Setting CVar [[gc.IncrementalBeginDestroyEnabled:1]]
[2024.04.07-05.03.47:018][  0]LogConfig: Setting CVar [[gc.CreateGCClusters:1]]
[2024.04.07-05.03.47:018][  0]LogConfig: Setting CVar [[gc.MinGCClusterSize:5]]
[2024.04.07-05.03.47:018][  0]LogConfig: Setting CVar [[gc.ActorClusteringEnabled:0]]
[2024.04.07-05.03.47:018][  0]LogConfig: Setting CVar [[gc.BlueprintClusteringEnabled:0]]
[2024.04.07-05.03.47:018][  0]LogConfig: Setting CVar [[gc.UseDisregardForGCOnDedicatedServers:0]]
[2024.04.07-05.03.47:018][  0]LogConfig: Applying CVar settings from Section [/Script/Engine.NetworkSettings] File [../../../SimpleShooter/Saved/Config/WindowsNoEditor/Engine.ini]
[2024.04.07-05.03.47:018][  0]LogConfig: Applying CVar settings from Section [ViewDistanceQuality@3] File [../../../SimpleShooter/Saved/Config/WindowsNoEditor/Scalability.ini]
[2024.04.07-05.03.47:018][  0]LogConfig: Setting CVar [[r.SkeletalMeshLODBias:0]]
[2024.04.07-05.03.47:018][  0]LogConfig: Setting CVar [[r.ViewDistanceScale:1.0]]
[2024.04.07-05.03.47:018][  0]LogConfig: Applying CVar settings from Section [AntiAliasingQuality@3] File [../../../SimpleShooter/Saved/Config/WindowsNoEditor/Scalability.ini]
[2024.04.07-05.03.47:018][  0]LogConfig: Setting CVar [[r.PostProcessAAQuality:4]]
[2024.04.07-05.03.47:018][  0]LogConfig: Applying CVar settings from Section [ShadowQuality@3] File [../../../SimpleShooter/Saved/Config/WindowsNoEditor/Scalability.ini]
[2024.04.07-05.03.47:018][  0]LogConfig: Setting CVar [[r.LightFunctionQuality:1]]
[2024.04.07-05.03.47:018][  0]LogConfig: Setting CVar [[r.ShadowQuality:5]]
[2024.04.07-05.03.47:018][  0]LogConfig: Setting CVar [[r.Shadow.CSM.MaxCascades:10]]
[2024.04.07-05.03.47:018][  0]LogConfig: Setting CVar [[r.Shadow.MaxResolution:2048]]
[2024.04.07-05.03.47:018][  0]LogConfig: Setting CVar [[r.Shadow.MaxCSMResolution:2048]]
[2024.04.07-05.03.47:018][  0]LogConfig: Setting CVar [[r.Shadow.RadiusThreshold:0.01]]
[2024.04.07-05.03.47:018][  0]LogConfig: Setting CVar [[r.Shadow.DistanceScale:1.0]]
[2024.04.07-05.03.47:018][  0]LogConfig: Setting CVar [[r.Shadow.CSM.TransitionScale:1.0]]
[2024.04.07-05.03.47:018][  0]LogConfig: Setting CVar [[r.Shadow.PreShadowResolutionFactor:1.0]]
[2024.04.07-05.03.47:018][  0]LogConfig: Setting CVar [[r.DistanceFieldShadowing:1]]
[2024.04.07-05.03.47:018][  0]LogConfig: Setting CVar [[r.DistanceFieldAO:1]]
[2024.04.07-05.03.47:018][  0]LogConfig: Setting CVar [[r.AOQuality:2]]
[2024.04.07-05.03.47:018][  0]LogConfig: Setting CVar [[r.VolumetricFog:1]]
[2024.04.07-05.03.47:018][  0]LogConfig: Setting CVar [[r.VolumetricFog.GridPixelSize:8]]
[2024.04.07-05.03.47:018][  0]LogConfig: Setting CVar [[r.VolumetricFog.GridSizeZ:128]]
[2024.04.07-05.03.47:018][  0]LogConfig: Setting CVar [[r.VolumetricFog.HistoryMissSupersampleCount:4]]
[2024.04.07-05.03.47:018][  0]LogConfig: Setting CVar [[r.LightMaxDrawDistanceScale:1]]
[2024.04.07-05.03.47:018][  0]LogConfig: Setting CVar [[r.CapsuleShadows:1]]
[2024.04.07-05.03.47:018][  0]LogConfig: Applying CVar settings from Section [PostProcessQuality@3] File [../../../SimpleShooter/Saved/Config/WindowsNoEditor/Scalability.ini]
[2024.04.07-05.03.47:018][  0]LogConfig: Setting CVar [[r.MotionBlurQuality:4]]
[2024.04.07-05.03.47:018][  0]LogConfig: Setting CVar [[r.AmbientOcclusionMipLevelFactor:0.4]]
[2024.04.07-05.03.47:018][  0]LogConfig: Setting CVar [[r.AmbientOcclusionMaxQuality:100]]
[2024.04.07-05.03.47:018][  0]LogConfig: Setting CVar [[r.AmbientOcclusionLevels:-1]]
[2024.04.07-05.03.47:018][  0]LogConfig: Setting CVar [[r.AmbientOcclusionRadiusScale:1.0]]
[2024.04.07-05.03.47:018][  0]LogConfig: Setting CVar [[r.DepthOfFieldQuality:2]]
[2024.04.07-05.03.47:018][  0]LogConfig: Setting CVar [[r.RenderTargetPoolMin:400]]
[2024.04.07-05.03.47:018][  0]LogConfig: Setting CVar [[r.LensFlareQuality:2]]
[2024.04.07-05.03.47:018][  0]LogConfig: Setting CVar [[r.SceneColorFringeQuality:1]]
[2024.04.07-05.03.47:018][  0]LogConfig: Setting CVar [[r.EyeAdaptationQuality:2]]
[2024.04.07-05.03.47:018][  0]LogConfig: Setting CVar [[r.BloomQuality:5]]
[2024.04.07-05.03.47:018][  0]LogConfig: Setting CVar [[r.FastBlurThreshold:100]]
[2024.04.07-05.03.47:018][  0]LogConfig: Setting CVar [[r.Upscale.Quality:3]]
[2024.04.07-05.03.47:018][  0]LogConfig: Setting CVar [[r.Tonemapper.GrainQuantization:1]]
[2024.04.07-05.03.47:018][  0]LogConfig: Setting CVar [[r.LightShaftQuality:1]]
[2024.04.07-05.03.47:018][  0]LogConfig: Setting CVar [[r.Filter.SizeScale:1]]
[2024.04.07-05.03.47:018][  0]LogConfig: Setting CVar [[r.Tonemapper.Quality:5]]
[2024.04.07-05.03.47:018][  0]LogConfig: Setting CVar [[r.DOF.Gather.AccumulatorQuality:1        ; higher gathering accumulator quality]]
[2024.04.07-05.03.47:018][  0]LogConfig: Setting CVar [[r.DOF.Gather.PostfilterMethod:1          ; Median3x3 postfilering method]]
[2024.04.07-05.03.47:018][  0]LogConfig: Setting CVar [[r.DOF.Gather.EnableBokehSettings:0       ; no bokeh simulation when gathering]]
[2024.04.07-05.03.47:018][  0]LogConfig: Setting CVar [[r.DOF.Gather.RingCount:4                 ; medium number of samples when gathering]]
[2024.04.07-05.03.47:018][  0]LogConfig: Setting CVar [[r.DOF.Scatter.ForegroundCompositing:1    ; additive foreground scattering]]
[2024.04.07-05.03.47:018][  0]LogConfig: Setting CVar [[r.DOF.Scatter.BackgroundCompositing:2    ; additive background scattering]]
[2024.04.07-05.03.47:018][  0]LogConfig: Setting CVar [[r.DOF.Scatter.EnableBokehSettings:1      ; bokeh simulation when scattering]]
[2024.04.07-05.03.47:018][  0]LogConfig: Setting CVar [[r.DOF.Scatter.MaxSpriteRatio:0.1         ; only a maximum of 10% of scattered bokeh]]
[2024.04.07-05.03.47:018][  0]LogConfig: Setting CVar [[r.DOF.Recombine.Quality:1                ; cheap slight out of focus]]
[2024.04.07-05.03.47:018][  0]LogConfig: Setting CVar [[r.DOF.Recombine.EnableBokehSettings:0    ; no bokeh simulation on slight out of focus]]
[2024.04.07-05.03.47:018][  0]LogConfig: Setting CVar [[r.DOF.TemporalAAQuality:1                ; more stable temporal accumulation]]
[2024.04.07-05.03.47:018][  0]LogConfig: Setting CVar [[r.DOF.Kernel.MaxForegroundRadius:0.025]]
[2024.04.07-05.03.47:018][  0]LogConfig: Setting CVar [[r.DOF.Kernel.MaxBackgroundRadius:0.025]]
[2024.04.07-05.03.47:018][  0]LogConfig: Applying CVar settings from Section [TextureQuality@3] File [../../../SimpleShooter/Saved/Config/WindowsNoEditor/Scalability.ini]
[2024.04.07-05.03.47:018][  0]LogConfig: Setting CVar [[r.Streaming.MipBias:0]]
[2024.04.07-05.03.47:018][  0]LogConfig: Setting CVar [[r.Streaming.AmortizeCPUToGPUCopy:0]]
[2024.04.07-05.03.47:018][  0]LogConfig: Setting CVar [[r.Streaming.MaxNumTexturesToStreamPerFrame:0]]
[2024.04.07-05.03.47:018][  0]LogConfig: Setting CVar [[r.Streaming.Boost:1]]
[2024.04.07-05.03.47:018][  0]LogConfig: Setting CVar [[r.MaxAnisotropy:8]]
[2024.04.07-05.03.47:018][  0]LogConfig: Setting CVar [[r.VT.MaxAnisotropy:8]]
[2024.04.07-05.03.47:018][  0]LogConfig: Setting CVar [[r.Streaming.LimitPoolSizeToVRAM:0]]
[2024.04.07-05.03.47:018][  0]LogConfig: Setting CVar [[r.Streaming.PoolSize:1000]]
[2024.04.07-05.03.47:018][  0]LogConfig: Setting CVar [[r.Streaming.MaxEffectiveScreenSize:0]]
[2024.04.07-05.03.47:018][  0]LogConfig: Applying CVar settings from Section [EffectsQuality@3] File [../../../SimpleShooter/Saved/Config/WindowsNoEditor/Scalability.ini]
[2024.04.07-05.03.47:018][  0]LogConfig: Setting CVar [[r.TranslucencyLightingVolumeDim:64]]
[2024.04.07-05.03.47:018][  0]LogConfig: Setting CVar [[r.RefractionQuality:2]]
[2024.04.07-05.03.47:018][  0]LogConfig: Setting CVar [[r.SSR.Quality:3]]
[2024.04.07-05.03.47:018][  0]LogConfig: Setting CVar [[r.SSR.HalfResSceneColor:0]]
[2024.04.07-05.03.47:018][  0]LogConfig: Setting CVar [[r.SceneColorFormat:4]]
[2024.04.07-05.03.47:018][  0]LogConfig: Setting CVar [[r.DetailMode:2]]
[2024.04.07-05.03.47:018][  0]LogConfig: Setting CVar [[r.TranslucencyVolumeBlur:1]]
[2024.04.07-05.03.47:018][  0]LogConfig: Setting CVar [[r.MaterialQualityLevel:1 ; High quality]]
[2024.04.07-05.03.47:018][  0]LogConfig: Setting CVar [[r.SSS.Scale:1]]
[2024.04.07-05.03.47:018][  0]LogConfig: Setting CVar [[r.SSS.SampleSet:2]]
[2024.04.07-05.03.47:018][  0]LogConfig: Setting CVar [[r.SSS.Quality:1]]
[2024.04.07-05.03.47:018][  0]LogConfig: Setting CVar [[r.SSS.HalfRes:0]]
[2024.04.07-05.03.47:018][  0]LogConfig: Setting CVar [[r.SSGI.Quality:3]]
[2024.04.07-05.03.47:018][  0]LogConfig: Setting CVar [[r.EmitterSpawnRateScale:1.0]]
[2024.04.07-05.03.47:018][  0]LogConfig: Setting CVar [[r.ParticleLightQuality:2]]
[2024.04.07-05.03.47:018][  0]LogConfig: Setting CVar [[r.SkyAtmosphere.AerialPerspectiveLUT.FastApplyOnOpaque:1 ; Always have FastSkyLUT 1 in this case to avoid wrong sky]]
[2024.04.07-05.03.47:018][  0]LogConfig: Setting CVar [[r.SkyAtmosphere.AerialPerspectiveLUT.SampleCountPerSlice:1]]
[2024.04.07-05.03.47:018][  0]LogConfig: Setting CVar [[r.SkyAtmosphere.AerialPerspectiveLUT.DepthResolution:16.0]]
[2024.04.07-05.03.47:018][  0]LogConfig: Setting CVar [[r.SkyAtmosphere.FastSkyLUT:1]]
[2024.04.07-05.03.47:018][  0]LogConfig: Setting CVar [[r.SkyAtmosphere.FastSkyLUT.SampleCountMin:4.0]]
[2024.04.07-05.03.47:018][  0]LogConfig: Setting CVar [[r.SkyAtmosphere.FastSkyLUT.SampleCountMax:32.0]]
[2024.04.07-05.03.47:018][  0]LogConfig: Setting CVar [[r.SkyAtmosphere.SampleCountMin:4.0]]
[2024.04.07-05.03.47:018][  0]LogConfig: Setting CVar [[r.SkyAtmosphere.SampleCountMax:32.0]]
[2024.04.07-05.03.47:018][  0]LogConfig: Setting CVar [[r.SkyAtmosphere.TransmittanceLUT.UseSmallFormat:0]]
[2024.04.07-05.03.47:018][  0]LogConfig: Setting CVar [[r.SkyAtmosphere.TransmittanceLUT.SampleCount:10.0]]
[2024.04.07-05.03.47:018][  0]LogConfig: Setting CVar [[r.SkyAtmosphere.MultiScatteringLUT.SampleCount:15.0]]
[2024.04.07-05.03.47:034][  0]LogConfig: Setting CVar [[fx.Niagara.QualityLevel:3]]
[2024.04.07-05.03.47:034][  0]LogConfig: Applying CVar settings from Section [FoliageQuality@3] File [../../../SimpleShooter/Saved/Config/WindowsNoEditor/Scalability.ini]
[2024.04.07-05.03.47:034][  0]LogConfig: Setting CVar [[foliage.DensityScale:1.0]]
[2024.04.07-05.03.47:034][  0]LogConfig: Setting CVar [[grass.DensityScale:1.0]]
[2024.04.07-05.03.47:034][  0]LogConfig: Applying CVar settings from Section [ShadingQuality@3] File [../../../SimpleShooter/Saved/Config/WindowsNoEditor/Scalability.ini]
[2024.04.07-05.03.47:034][  0]LogConfig: Setting CVar [[r.HairStrands.SkyLighting.SampleCount:16]]
[2024.04.07-05.03.47:034][  0]LogConfig: Setting CVar [[r.HairStrands.SkyLighting.JitterIntegration:0]]
[2024.04.07-05.03.47:034][  0]LogConfig: Setting CVar [[r.HairStrands.SkyAO.SampleCount:16]]
[2024.04.07-05.03.47:034][  0]LogConfig: Setting CVar [[r.HairStrands.DeepShadow.SuperSampling:0]]
[2024.04.07-05.03.47:034][  0]LogConfig: Setting CVar [[r.HairStrands.VisibilityPPLL:0]]
[2024.04.07-05.03.47:034][  0]LogConfig: Setting CVar [[r.HairStrands.RasterizationScale:0.5]]
[2024.04.07-05.03.47:034][  0]LogConfig: Setting CVar [[r.HairStrands.VelocityRasterizationScale:1]]
[2024.04.07-05.03.47:034][  0]LogInit: Selected Device Profile: [WindowsNoEditor]
[2024.04.07-05.03.47:034][  0]LogInit: Applying CVar settings loaded from the selected device profile: [WindowsNoEditor]
[2024.04.07-05.03.47:034][  0]LogHAL: Display: Platform has ~ 16 GB [17055731712 / 17179869184 / 16], which maps to Larger [LargestMinGB=32, LargerMinGB=12, DefaultMinGB=8, SmallerMinGB=6, SmallestMinGB=0)
[2024.04.07-05.03.47:034][  0]LogInit: Going up to parent DeviceProfile [Windows]
[2024.04.07-05.03.47:034][  0]LogInit: Going up to parent DeviceProfile []
[2024.04.07-05.03.47:034][  0]LogConfig: Applying CVar settings from Section [ViewDistanceQuality@3] File [../../../SimpleShooter/Saved/Config/WindowsNoEditor/Scalability.ini]
[2024.04.07-05.03.47:034][  0]LogConfig: Setting CVar [[r.SkeletalMeshLODBias:0]]
[2024.04.07-05.03.47:034][  0]LogConfig: Setting CVar [[r.ViewDistanceScale:1.0]]
[2024.04.07-05.03.47:034][  0]LogConfig: Applying CVar settings from Section [AntiAliasingQuality@3] File [../../../SimpleShooter/Saved/Config/WindowsNoEditor/Scalability.ini]
[2024.04.07-05.03.47:034][  0]LogConfig: Setting CVar [[r.PostProcessAAQuality:4]]
[2024.04.07-05.03.47:034][  0]LogConfig: Applying CVar settings from Section [ShadowQuality@3] File [../../../SimpleShooter/Saved/Config/WindowsNoEditor/Scalability.ini]
[2024.04.07-05.03.47:034][  0]LogConfig: Setting CVar [[r.LightFunctionQuality:1]]
[2024.04.07-05.03.47:034][  0]LogConfig: Setting CVar [[r.ShadowQuality:5]]
[2024.04.07-05.03.47:034][  0]LogConfig: Setting CVar [[r.Shadow.CSM.MaxCascades:10]]
[2024.04.07-05.03.47:034][  0]LogConfig: Setting CVar [[r.Shadow.MaxResolution:2048]]
[2024.04.07-05.03.47:034][  0]LogConfig: Setting CVar [[r.Shadow.MaxCSMResolution:2048]]
[2024.04.07-05.03.47:034][  0]LogConfig: Setting CVar [[r.Shadow.RadiusThreshold:0.01]]
[2024.04.07-05.03.47:034][  0]LogConfig: Setting CVar [[r.Shadow.DistanceScale:1.0]]
[2024.04.07-05.03.47:034][  0]LogConfig: Setting CVar [[r.Shadow.CSM.TransitionScale:1.0]]
[2024.04.07-05.03.47:034][  0]LogConfig: Setting CVar [[r.Shadow.PreShadowResolutionFactor:1.0]]
[2024.04.07-05.03.47:034][  0]LogConfig: Setting CVar [[r.DistanceFieldShadowing:1]]
[2024.04.07-05.03.47:034][  0]LogConfig: Setting CVar [[r.DistanceFieldAO:1]]
[2024.04.07-05.03.47:034][  0]LogConfig: Setting CVar [[r.AOQuality:2]]
[2024.04.07-05.03.47:034][  0]LogConfig: Setting CVar [[r.VolumetricFog:1]]
[2024.04.07-05.03.47:034][  0]LogConfig: Setting CVar [[r.VolumetricFog.GridPixelSize:8]]
[2024.04.07-05.03.47:034][  0]LogConfig: Setting CVar [[r.VolumetricFog.GridSizeZ:128]]
[2024.04.07-05.03.47:034][  0]LogConfig: Setting CVar [[r.VolumetricFog.HistoryMissSupersampleCount:4]]
[2024.04.07-05.03.47:034][  0]LogConfig: Setting CVar [[r.LightMaxDrawDistanceScale:1]]
[2024.04.07-05.03.47:034][  0]LogConfig: Setting CVar [[r.CapsuleShadows:1]]
[2024.04.07-05.03.47:034][  0]LogConfig: Applying CVar settings from Section [PostProcessQuality@3] File [../../../SimpleShooter/Saved/Config/WindowsNoEditor/Scalability.ini]
[2024.04.07-05.03.47:034][  0]LogConfig: Setting CVar [[r.MotionBlurQuality:4]]
[2024.04.07-05.03.47:034][  0]LogConfig: Setting CVar [[r.AmbientOcclusionMipLevelFactor:0.4]]
[2024.04.07-05.03.47:034][  0]LogConfig: Setting CVar [[r.AmbientOcclusionMaxQuality:100]]
[2024.04.07-05.03.47:034][  0]LogConfig: Setting CVar [[r.AmbientOcclusionLevels:-1]]
[2024.04.07-05.03.47:034][  0]LogConfig: Setting CVar [[r.AmbientOcclusionRadiusScale:1.0]]
[2024.04.07-05.03.47:034][  0]LogConfig: Setting CVar [[r.DepthOfFieldQuality:2]]
[2024.04.07-05.03.47:034][  0]LogConfig: Setting CVar [[r.RenderTargetPoolMin:400]]
[2024.04.07-05.03.47:034][  0]LogConfig: Setting CVar [[r.LensFlareQuality:2]]
[2024.04.07-05.03.47:034][  0]LogConfig: Setting CVar [[r.SceneColorFringeQuality:1]]
[2024.04.07-05.03.47:034][  0]LogConfig: Setting CVar [[r.EyeAdaptationQuality:2]]
[2024.04.07-05.03.47:034][  0]LogConfig: Setting CVar [[r.BloomQuality:5]]
[2024.04.07-05.03.47:034][  0]LogConfig: Setting CVar [[r.FastBlurThreshold:100]]
[2024.04.07-05.03.47:034][  0]LogConfig: Setting CVar [[r.Upscale.Quality:3]]
[2024.04.07-05.03.47:034][  0]LogConfig: Setting CVar [[r.Tonemapper.GrainQuantization:1]]
[2024.04.07-05.03.47:034][  0]LogConfig: Setting CVar [[r.LightShaftQuality:1]]
[2024.04.07-05.03.47:034][  0]LogConfig: Setting CVar [[r.Filter.SizeScale:1]]
[2024.04.07-05.03.47:034][  0]LogConfig: Setting CVar [[r.Tonemapper.Quality:5]]
[2024.04.07-05.03.47:034][  0]LogConfig: Setting CVar [[r.DOF.Gather.AccumulatorQuality:1        ; higher gathering accumulator quality]]
[2024.04.07-05.03.47:034][  0]LogConfig: Setting CVar [[r.DOF.Gather.PostfilterMethod:1          ; Median3x3 postfilering method]]
[2024.04.07-05.03.47:034][  0]LogConfig: Setting CVar [[r.DOF.Gather.EnableBokehSettings:0       ; no bokeh simulation when gathering]]
[2024.04.07-05.03.47:034][  0]LogConfig: Setting CVar [[r.DOF.Gather.RingCount:4                 ; medium number of samples when gathering]]
[2024.04.07-05.03.47:034][  0]LogConfig: Setting CVar [[r.DOF.Scatter.ForegroundCompositing:1    ; additive foreground scattering]]
[2024.04.07-05.03.47:034][  0]LogConfig: Setting CVar [[r.DOF.Scatter.BackgroundCompositing:2    ; additive background scattering]]
[2024.04.07-05.03.47:034][  0]LogConfig: Setting CVar [[r.DOF.Scatter.EnableBokehSettings:1      ; bokeh simulation when scattering]]
[2024.04.07-05.03.47:034][  0]LogConfig: Setting CVar [[r.DOF.Scatter.MaxSpriteRatio:0.1         ; only a maximum of 10% of scattered bokeh]]
[2024.04.07-05.03.47:034][  0]LogConfig: Setting CVar [[r.DOF.Recombine.Quality:1                ; cheap slight out of focus]]
[2024.04.07-05.03.47:034][  0]LogConfig: Setting CVar [[r.DOF.Recombine.EnableBokehSettings:0    ; no bokeh simulation on slight out of focus]]
[2024.04.07-05.03.47:034][  0]LogConfig: Setting CVar [[r.DOF.TemporalAAQuality:1                ; more stable temporal accumulation]]
[2024.04.07-05.03.47:034][  0]LogConfig: Setting CVar [[r.DOF.Kernel.MaxForegroundRadius:0.025]]
[2024.04.07-05.03.47:034][  0]LogConfig: Setting CVar [[r.DOF.Kernel.MaxBackgroundRadius:0.025]]
[2024.04.07-05.03.47:034][  0]LogConfig: Applying CVar settings from Section [TextureQuality@3] File [../../../SimpleShooter/Saved/Config/WindowsNoEditor/Scalability.ini]
[2024.04.07-05.03.47:034][  0]LogConfig: Setting CVar [[r.Streaming.MipBias:0]]
[2024.04.07-05.03.47:034][  0]LogConfig: Setting CVar [[r.Streaming.AmortizeCPUToGPUCopy:0]]
[2024.04.07-05.03.47:034][  0]LogConfig: Setting CVar [[r.Streaming.MaxNumTexturesToStreamPerFrame:0]]
[2024.04.07-05.03.47:034][  0]LogConfig: Setting CVar [[r.Streaming.Boost:1]]
[2024.04.07-05.03.47:034][  0]LogConfig: Setting CVar [[r.MaxAnisotropy:8]]
[2024.04.07-05.03.47:034][  0]LogConfig: Setting CVar [[r.VT.MaxAnisotropy:8]]
[2024.04.07-05.03.47:034][  0]LogConfig: Setting CVar [[r.Streaming.LimitPoolSizeToVRAM:0]]
[2024.04.07-05.03.47:034][  0]LogConfig: Setting CVar [[r.Streaming.PoolSize:1000]]
[2024.04.07-05.03.47:034][  0]LogConfig: Setting CVar [[r.Streaming.MaxEffectiveScreenSize:0]]
[2024.04.07-05.03.47:034][  0]LogConfig: Applying CVar settings from Section [EffectsQuality@3] File [../../../SimpleShooter/Saved/Config/WindowsNoEditor/Scalability.ini]
[2024.04.07-05.03.47:034][  0]LogConfig: Setting CVar [[r.TranslucencyLightingVolumeDim:64]]
[2024.04.07-05.03.47:034][  0]LogConfig: Setting CVar [[r.RefractionQuality:2]]
[2024.04.07-05.03.47:034][  0]LogConfig: Setting CVar [[r.SSR.Quality:3]]
[2024.04.07-05.03.47:034][  0]LogConfig: Setting CVar [[r.SSR.HalfResSceneColor:0]]
[2024.04.07-05.03.47:034][  0]LogConfig: Setting CVar [[r.SceneColorFormat:4]]
[2024.04.07-05.03.47:034][  0]LogConfig: Setting CVar [[r.DetailMode:2]]
[2024.04.07-05.03.47:034][  0]LogConfig: Setting CVar [[r.TranslucencyVolumeBlur:1]]
[2024.04.07-05.03.47:034][  0]LogConfig: Setting CVar [[r.MaterialQualityLevel:1 ; High quality]]
[2024.04.07-05.03.47:034][  0]LogConfig: Setting CVar [[r.SSS.Scale:1]]
[2024.04.07-05.03.47:034][  0]LogConfig: Setting CVar [[r.SSS.SampleSet:2]]
[2024.04.07-05.03.47:034][  0]LogConfig: Setting CVar [[r.SSS.Quality:1]]
[2024.04.07-05.03.47:034][  0]LogConfig: Setting CVar [[r.SSS.HalfRes:0]]
[2024.04.07-05.03.47:034][  0]LogConfig: Setting CVar [[r.SSGI.Quality:3]]
[2024.04.07-05.03.47:034][  0]LogConfig: Setting CVar [[r.EmitterSpawnRateScale:1.0]]
[2024.04.07-05.03.47:034][  0]LogConfig: Setting CVar [[r.ParticleLightQuality:2]]
[2024.04.07-05.03.47:034][  0]LogConfig: Setting CVar [[r.SkyAtmosphere.AerialPerspectiveLUT.FastApplyOnOpaque:1 ; Always have FastSkyLUT 1 in this case to avoid wrong sky]]
[2024.04.07-05.03.47:034][  0]LogConfig: Setting CVar [[r.SkyAtmosphere.AerialPerspectiveLUT.SampleCountPerSlice:1]]
[2024.04.07-05.03.47:034][  0]LogConfig: Setting CVar [[r.SkyAtmosphere.AerialPerspectiveLUT.DepthResolution:16.0]]
[2024.04.07-05.03.47:034][  0]LogConfig: Setting CVar [[r.SkyAtmosphere.FastSkyLUT:1]]
[2024.04.07-05.03.47:034][  0]LogConfig: Setting CVar [[r.SkyAtmosphere.FastSkyLUT.SampleCountMin:4.0]]
[2024.04.07-05.03.47:034][  0]LogConfig: Setting CVar [[r.SkyAtmosphere.FastSkyLUT.SampleCountMax:32.0]]
[2024.04.07-05.03.47:034][  0]LogConfig: Setting CVar [[r.SkyAtmosphere.SampleCountMin:4.0]]
[2024.04.07-05.03.47:034][  0]LogConfig: Setting CVar [[r.SkyAtmosphere.SampleCountMax:32.0]]
[2024.04.07-05.03.47:034][  0]LogConfig: Setting CVar [[r.SkyAtmosphere.TransmittanceLUT.UseSmallFormat:0]]
[2024.04.07-05.03.47:034][  0]LogConfig: Setting CVar [[r.SkyAtmosphere.TransmittanceLUT.SampleCount:10.0]]
[2024.04.07-05.03.47:034][  0]LogConfig: Setting CVar [[r.SkyAtmosphere.MultiScatteringLUT.SampleCount:15.0]]
[2024.04.07-05.03.47:034][  0]LogConfig: Setting CVar [[fx.Niagara.QualityLevel:3]]
[2024.04.07-05.03.47:034][  0]LogConfig: Applying CVar settings from Section [FoliageQuality@3] File [../../../SimpleShooter/Saved/Config/WindowsNoEditor/Scalability.ini]
[2024.04.07-05.03.47:034][  0]LogConfig: Setting CVar [[foliage.DensityScale:1.0]]
[2024.04.07-05.03.47:034][  0]LogConfig: Setting CVar [[grass.DensityScale:1.0]]
[2024.04.07-05.03.47:034][  0]LogConfig: Applying CVar settings from Section [ShadingQuality@3] File [../../../SimpleShooter/Saved/Config/WindowsNoEditor/Scalability.ini]
[2024.04.07-05.03.47:034][  0]LogConfig: Setting CVar [[r.HairStrands.SkyLighting.SampleCount:16]]
[2024.04.07-05.03.47:034][  0]LogConfig: Setting CVar [[r.HairStrands.SkyLighting.JitterIntegration:0]]
[2024.04.07-05.03.47:034][  0]LogConfig: Setting CVar [[r.HairStrands.SkyAO.SampleCount:16]]
[2024.04.07-05.03.47:034][  0]LogConfig: Setting CVar [[r.HairStrands.DeepShadow.SuperSampling:0]]
[2024.04.07-05.03.47:034][  0]LogConfig: Setting CVar [[r.HairStrands.VisibilityPPLL:0]]
[2024.04.07-05.03.47:034][  0]LogConfig: Setting CVar [[r.HairStrands.RasterizationScale:0.5]]
[2024.04.07-05.03.47:034][  0]LogConfig: Setting CVar [[r.HairStrands.VelocityRasterizationScale:1]]
[2024.04.07-05.03.47:034][  0]LogConfig: Applying CVar settings from Section [Startup] File [../../../Engine/Config/ConsoleVariables.ini]
[2024.04.07-05.03.47:034][  0]LogConfig: Setting CVar [[net.UseAdaptiveNetUpdateFrequency:0]]
[2024.04.07-05.03.47:034][  0]LogConfig: Setting CVar [[p.chaos.AllowCreatePhysxBodies:1]]
[2024.04.07-05.03.47:034][  0]LogConfig: Setting CVar [[fx.SkipVectorVMBackendOptimizations:1]]
[2024.04.07-05.03.47:034][  0]LogConfig: Applying CVar settings from Section [ConsoleVariables] File [../../../SimpleShooter/Saved/Config/WindowsNoEditor/Engine.ini]
[2024.04.07-05.03.47:047][  0]LogInit: Computer: DESKTOP-N06L665
[2024.04.07-05.03.47:047][  0]LogInit: User: ANISH
[2024.04.07-05.03.47:047][  0]LogInit: CPU Page size=4096, Cores=6
[2024.04.07-05.03.47:047][  0]LogInit: High frequency timer resolution =10.000000 MHz
[2024.04.07-05.03.47:047][  0]LogMemory: Memory total: Physical=15.9GB (16GB approx)
[2024.04.07-05.03.47:048][  0]LogMemory: Platform Memory Stats for WindowsNoEditor
[2024.04.07-05.03.47:048][  0]LogMemory: Process Physical Memory: 80.97 MB used, 80.97 MB peak
[2024.04.07-05.03.47:048][  0]LogMemory: Process Virtual Memory: 75.39 MB used, 75.39 MB peak
[2024.04.07-05.03.47:048][  0]LogMemory: Physical Memory: 4807.12 MB used,  11458.49 MB free, 16265.61 MB total
[2024.04.07-05.03.47:048][  0]LogMemory: Virtual Memory: 4948.45 MB used,  134212776.00 MB free, 134217728.00 MB total
[2024.04.07-05.03.47:064][  0]LogWindows: WindowsPlatformFeatures enabled
[2024.04.07-05.03.47:496][  0]LogInit: Physics initialised using underlying interface: PhysX
[2024.04.07-05.03.47:497][  0]LogInit: Using OS detected language (en-US).
[2024.04.07-05.03.47:497][  0]LogInit: Using OS detected locale (en-US).
[2024.04.07-05.03.47:497][  0]LogTextLocalizationManager: No specific localization for 'en-US' exists, so the 'en' localization will be used.
[2024.04.07-05.03.47:549][  0]LogSlate: New Slate User Created.  User Index 0, Is Virtual User: 0
[2024.04.07-05.03.47:549][  0]LogSlate: Slate User Registered.  User Index 0, Is Virtual User: 0
[2024.04.07-05.03.47:567][  0]LogHMD: Failed to initialize OpenVR with code 110
[2024.04.07-05.03.47:567][  0]LogD3D11RHI: D3D11 min allowed feature level: 11_0
[2024.04.07-05.03.47:567][  0]LogD3D11RHI: D3D11 max allowed feature level: 11_0
[2024.04.07-05.03.47:567][  0]LogD3D11RHI: D3D11 adapters:
[2024.04.07-05.03.47:694][  0]LogD3D11RHI:    0. 'NVIDIA GeForce GTX 1650' (Feature Level 11_0)
[2024.04.07-05.03.47:694][  0]LogD3D11RHI:       3937/0/8132 MB DedicatedVideo/DedicatedSystem/SharedSystem, Outputs:1, VendorId:0x10de
[2024.04.07-05.03.47:695][  0]LogD3D11RHI:    1. 'Microsoft Basic Render Driver' (Feature Level 11_0)
[2024.04.07-05.03.47:695][  0]LogD3D11RHI:       0/0/8132 MB DedicatedVideo/DedicatedSystem/SharedSystem, Outputs:0, VendorId:0x1414
[2024.04.07-05.03.47:695][  0]LogD3D11RHI: Chosen D3D11 Adapter: 0
[2024.04.07-05.03.47:702][  0]LogD3D11RHI: Creating new Direct3DDevice
[2024.04.07-05.03.47:702][  0]LogD3D11RHI:     GPU DeviceId: 0x1f82 (for the marketing name, search the web for "GPU Device Id")
[2024.04.07-05.03.47:702][  0]LogWindows: EnumDisplayDevices:
[2024.04.07-05.03.47:702][  0]LogWindows:    0. 'NVIDIA GeForce GTX 1650' (P:1 D:1)
[2024.04.07-05.03.47:702][  0]LogWindows:    1. 'NVIDIA GeForce GTX 1650' (P:0 D:0)
[2024.04.07-05.03.47:702][  0]LogWindows:    2. 'NVIDIA GeForce GTX 1650' (P:0 D:0)
[2024.04.07-05.03.47:702][  0]LogWindows:    3. 'NVIDIA GeForce GTX 1650' (P:0 D:0)
[2024.04.07-05.03.47:702][  0]LogWindows: DebugString: FoundDriverCount:4 
[2024.04.07-05.03.47:702][  0]LogD3D11RHI:     Adapter Name: NVIDIA GeForce GTX 1650
[2024.04.07-05.03.47:702][  0]LogD3D11RHI:   Driver Version: 551.86 (internal:31.0.15.5186, unified:551.86)
[2024.04.07-05.03.47:702][  0]LogD3D11RHI:      Driver Date: 3-12-2024
[2024.04.07-05.03.47:702][  0]LogRHI: Texture pool is 2755 MB (70% of 3937 MB)
[2024.04.07-05.03.47:778][  0]LogD3D11RHI: RHI has support for 64 bit atomics
[2024.04.07-05.03.47:779][  0]LogD3D11RHI: Async texture creation enabled
[2024.04.07-05.03.47:779][  0]LogD3D11RHI: Array index from any shader is supported
[2024.04.07-05.03.47:813][  0]LogD3D11RHI: GPU Timing Frequency: 1000.000000 (Debug: 2 1)
[2024.04.07-05.03.47:818][  0]LogShaderLibrary: Display: Using ../../../SimpleShooter/Content/ShaderArchive-Global-PCD3D_SM5.ushaderbytecode for material shader code. Total 2058 unique shaders.
[2024.04.07-05.03.47:818][  0]LogShaderLibrary: Display: Cooked Context: Using Shared Shader Library Global
[2024.04.07-05.03.47:820][  0]LogTemp: Warning: Clearing the OS Cache
[2024.04.07-05.03.47:835][  0]LogPakFile: New pak file ../../../SimpleShooter/Content/Paks/SimpleShooter-WindowsNoEditor.pak added to pak precacher.
[2024.04.07-05.03.47:873][  0]LogSlate: Using FreeType 2.10.0
[2024.04.07-05.03.47:878][  0]LogSlate: SlateFontServices - WITH_FREETYPE: 1, WITH_HARFBUZZ: 1
[2024.04.07-05.03.47:938][  0]LogMoviePlayer: Initializing movie player
[2024.04.07-05.03.47:946][  0]LogShaderLibrary: Display: Using ../../../SimpleShooter/Content/ShaderArchive-SimpleShooter-PCD3D_SM5.ushaderbytecode for material shader code. Total 7054 unique shaders.
[2024.04.07-05.03.47:946][  0]LogShaderLibrary: Display: Cooked Context: Using Shared Shader Library SimpleShooter
[2024.04.07-05.03.47:946][  0]LogRHI: Display: Opened pipeline cache after state change and enqueued 0 of 0 tasks for precompile.
[2024.04.07-05.03.47:946][  0]LogRHI: Display: Failed to open default shader pipeline cache for SimpleShooter using shader platform 0.
[2024.04.07-05.03.47:946][  0]LogRHI: Display: Failed to open default shader pipeline cache for SimpleShooter using shader platform 0.
[2024.04.07-05.03.47:946][  0]LogInit: Using OS detected language (en-US).
[2024.04.07-05.03.47:946][  0]LogInit: Using OS detected locale (en-US).
[2024.04.07-05.03.47:946][  0]LogTextLocalizationManager: No localization for 'en-US' exists, so 'en' will be used for the language.
[2024.04.07-05.03.47:946][  0]LogTextLocalizationManager: No localization for 'en-US' exists, so 'en' will be used for the locale.
[2024.04.07-05.03.47:946][  0]LogSlate: FontCache flush requested. Reason: Culture for localization was changed
[2024.04.07-05.03.47:946][  0]LogSlate: FontCache flush requested. Reason: Culture for localization was changed
[2024.04.07-05.03.47:947][  0]LogTextLocalizationManager: Compacting localization data took   0.47ms
[2024.04.07-05.03.47:968][  0]LogAssetRegistry: FAssetRegistry took 0.0201 seconds to start up
[2024.04.07-05.03.48:068][  0]LogStreaming: Display: Flushing async loaders.
[2024.04.07-05.03.48:071][  0]LogPackageLocalizationCache: Processed 18 localized package path(s) for 1 prioritized culture(s) in 0.000832 seconds
[2024.04.07-05.03.48:095][  0]LogInit: Selected Device Profile: [WindowsNoEditor]
[2024.04.07-05.03.48:127][  0]LogNetVersion: SimpleShooter 1.0.0, NetCL: 13144385, EngineNetVer: 14, GameNetVer: 0 (Checksum: 1740914163)
[2024.04.07-05.03.48:208][  0]LogAudioCaptureCore: Display: No Audio Capture implementations found. Audio input will be silent.
[2024.04.07-05.03.48:208][  0]LogAudioCaptureCore: Display: No Audio Capture implementations found. Audio input will be silent.
[2024.04.07-05.03.48:266][  0]LogAISub: UAISubsystem::UAISubsystem AISubsystem (000002076646D4C0), frame # 0
[2024.04.07-05.03.48:266][  0]LogAISub: UAISubsystem::UAISubsystem AIPerceptionSystem (00000207731268C0), frame # 0
[2024.04.07-05.03.48:271][  0]LogAISub: UAISubsystem::UAISubsystem EnvQueryManager (0000020774088200), frame # 0
[2024.04.07-05.03.48:402][  0]LogAndroidPermission: UAndroidPermissionCallbackProxy::GetInstance
[2024.04.07-05.03.48:403][  0]LogOcInput: OculusInput pre-init called
[2024.04.07-05.03.48:408][  0]LogUObjectArray: 14243 objects as part of root set at end of initial load.
[2024.04.07-05.03.48:408][  0]LogUObjectArray: 2 objects are not in the root set, but can never be destroyed because they are in the DisregardForGC set.
[2024.04.07-05.03.48:408][  0]LogUObjectAllocator: 2888424 out of 0 bytes used by permanent object pool.
[2024.04.07-05.03.48:408][  0]LogUObjectArray: CloseDisregardForGC: 14243/14243 objects in disregard for GC pool
[2024.04.07-05.03.48:412][  0]LogEngine: Initializing Engine...
[2024.04.07-05.03.48:414][  0]LogHMD: Failed to initialize OpenVR with code 110
[2024.04.07-05.03.48:416][  0]LogStats: UGameplayTagsManager::InitializeManager -  0.001 s
[2024.04.07-05.03.48:587][  0]LogPakFile: Precache HighWater 16MB

[2024.04.07-05.03.48:587][  0]LogPakFile: Precache HighWater 32MB

[2024.04.07-05.03.48:587][  0]LogInit: Initializing FReadOnlyCVARCache
[2024.04.07-05.03.48:590][  0]LogAudioMixer: Display: Audio Mixer Platform Settings:
[2024.04.07-05.03.48:590][  0]LogAudioMixer: Display: 	Sample Rate:						  48000
[2024.04.07-05.03.48:590][  0]LogAudioMixer: Display: 	Callback Buffer Frame Size Requested: 1024
[2024.04.07-05.03.48:590][  0]LogAudioMixer: Display: 	Callback Buffer Frame Size To Use:	  1024
[2024.04.07-05.03.48:590][  0]LogAudioMixer: Display: 	Number of buffers to queue:			  2
[2024.04.07-05.03.48:590][  0]LogAudioMixer: Display: 	Max Channels (voices):				  32
[2024.04.07-05.03.48:590][  0]LogAudioMixer: Display: 	Number of Async Source Workers:		  0
[2024.04.07-05.03.48:590][  0]LogAudio: Display: AudioDevice MaxSources: 32
[2024.04.07-05.03.48:592][  0]LogAudio: Display: Using built-in audio occlusion.
[2024.04.07-05.03.48:592][  0]LogAudioMixer: Display: Initializing audio mixer.
[2024.04.07-05.03.48:698][  0]LogAudioDebug: Display: Lib vorbis DLL was dynamically loaded.
[2024.04.07-05.03.48:710][  0]LogAudioMixer: Display: 0: FrontLeft
[2024.04.07-05.03.48:710][  0]LogAudioMixer: Display: 1: FrontRight
[2024.04.07-05.03.48:757][  0]LogAudioMixer: Display: Using Audio Device Realtek HD Audio 2nd output (Realtek(R) Audio)
[2024.04.07-05.03.48:758][  0]LogAudioMixer: Display: Initializing Sound Submixes...
[2024.04.07-05.03.48:760][  0]LogAudioMixer: Display: Creating Master Submix 'MasterSubmixDefault'
[2024.04.07-05.03.48:760][  0]LogAudioMixer: Display: Creating Master Submix 'MasterReverbSubmixDefault'
[2024.04.07-05.03.48:762][  0]LogAudioMixer: Display: Creating Master Submix 'MasterEQSubmixDefault'
[2024.04.07-05.03.48:764][  0]LogInit: FAudioDevice initialized.
[2024.04.07-05.03.48:765][  0]LogNetVersion: Set ProjectVersion to 1.0.0.0. Version Checksum will be recalculated on next use.
[2024.04.07-05.03.48:765][  0]LogInit: Texture streaming: Enabled
[2024.04.07-05.03.48:807][  0]LogSlate: Updating window title bar state: overlay mode, drag disabled, window buttons hidden, title bar hidden
[2024.04.07-05.03.48:809][  0]LogInit: Display: Game Engine Initialized.
[2024.04.07-05.03.48:810][  0]LogInit: Display: Starting Game.
[2024.04.07-05.03.48:811][  0]LogNet: Browse: /Game/Menu?Name=Player
[2024.04.07-05.03.48:811][  0]LogLoad: LoadMap: /Game/Menu?Name=Player
[2024.04.07-05.03.48:811][  0]LogWorld: BeginTearingDown for /Temp/Untitled_0
[2024.04.07-05.03.48:816][  0]LogWorld: UWorld::CleanupWorld for Untitled, bSessionEnded=true, bCleanupResources=true
[2024.04.07-05.03.48:816][  0]LogSlate: InvalidateAllWidgets triggered.  All widgets were invalidated
[2024.04.07-05.03.48:825][  0]LogUObjectHash: Compacting FUObjectHashTables data took   0.52ms
[2024.04.07-05.03.50:251][  0]LogAIModule: Creating AISystem for world Menu
[2024.04.07-05.03.50:251][  0]LogAISub: UAISubsystem::UAISubsystem EnvQueryManager (0000020704658800), frame # 0
[2024.04.07-05.03.50:252][  0]LogAISub: UAISubsystem::UAISubsystem AIPerceptionSystem (0000020703BA4AC0), frame # 0
[2024.04.07-05.03.50:320][  0]LogLoad: Game class is 'BP_KillEmAllGameMode_C'
[2024.04.07-05.03.50:360][  0]LogWorld: Bringing World /Game/Menu.Menu up for play (max tick rate 0) at 2024.04.07-10.33.50
[2024.04.07-05.03.50:375][  0]LogWorld: Bringing up level for play took: 0.053144
[2024.04.07-05.03.50:391][  0]LogSlate: Updating window title bar state: overlay mode, drag disabled, window buttons hidden, title bar hidden
[2024.04.07-05.03.50:393][  0]LogUMG: Display: Widget Class MM_HUD_C - Loaded Fast Template.
[2024.04.07-05.03.50:397][  0]LogUMG: Display: Widget Class WBP_HUD_C - Loaded Fast Template.
[2024.04.07-05.03.50:401][  0]LogLoad: Took 1.590018 seconds to LoadMap(/Game/Menu)
[2024.04.07-05.03.50:427][  0]LogSlate: InvalidateAllWidgets triggered.  All widgets were invalidated
[2024.04.07-05.03.50:427][  0]LogSlate: Slate font cache was flushed
[2024.04.07-05.03.50:539][  0]LogRHI: Display: ShaderPipelineCache: Paused Batching. 1
[2024.04.07-05.03.50:539][  0]LogRHI: Display: ShaderPipelineCache: Resumed Batching. 0
[2024.04.07-05.03.50:539][  0]LogRHI: Display: ShaderPipelineCache: Batching Resumed.
[2024.04.07-05.03.50:539][  0]LogLoad: (Engine Initialization) Total time: 5.46 seconds
[2024.04.07-05.03.50:546][  0]LogContentStreaming: Texture pool size now 1000 MB
[2024.04.07-05.03.50:585][  1]LogSlate: Took 0.002351 seconds to synchronously load lazily loaded font '../../../SimpleShooter/Content/UI/Font/UrbanJungleDEMO.ufont' (238K)
[2024.04.07-05.03.50:586][  1]LogSlate: Took 0.000046 seconds to synchronously load lazily loaded font '../../../SimpleShooter/Content/UI/Font/Vampire_Wars.ufont' (68K)
[2024.04.07-05.03.50:588][  1]LogSlate: Took 0.001519 seconds to synchronously load lazily loaded font '../../../Engine/Content/EngineFonts/Faces/RobotoBold.ufont' (160K)
[2024.04.07-05.03.50:643][  1]LogRenderer: Reallocating scene render targets to support 128x128 Format 10 NumSamples 1 (Frame:0).
[2024.04.07-05.03.50:927][  2]LogRenderer: Reallocating scene render targets to support 1920x1080 Format 10 NumSamples 1 (Frame:1).
[2024.04.07-05.03.53:907][166]PIE: Warning: The widget 'MM_HUD_C' was already added to the screen.
[2024.04.07-05.03.53:908][166]LogNet: Browse: /Game/Sandbox?Name=Player
[2024.04.07-05.03.53:908][166]LogLoad: LoadMap: /Game/Sandbox?Name=Player
[2024.04.07-05.03.53:908][166]LogWorld: BeginTearingDown for /Game/Menu
[2024.04.07-05.03.53:912][166]LogWorld: UWorld::CleanupWorld for Menu, bSessionEnded=true, bCleanupResources=true
[2024.04.07-05.03.53:918][166]LogSlate: InvalidateAllWidgets triggered.  All widgets were invalidated
[2024.04.07-05.03.53:955][166]LogAudio: Display: Waited 35.779598 ms for audio thread.
[2024.04.07-05.03.53:955][166]LogAudio: Display: Waited 35.932102 ms for audio thread.
[2024.04.07-05.03.53:991][166]LogAISub: UAISubsystem::~UAISubsystem EnvQueryManager (0000020704658800), frame # 166
[2024.04.07-05.03.53:991][166]LogAISub: UAISubsystem::~UAISubsystem AIPerceptionSystem (0000020703BA4AC0), frame # 166
[2024.04.07-05.03.53:995][166]LogUObjectHash: Compacting FUObjectHashTables data took   1.05ms
[2024.04.07-05.03.54:007][166]LogStreaming: Display: Flushing async loaders.
[2024.04.07-05.03.54:721][166]LogPakFile: Precache HighWater 48MB

[2024.04.07-05.03.54:721][166]LogPakFile: Precache HighWater 64MB

[2024.04.07-05.03.54:721][166]LogPakFile: Precache HighWater 80MB

[2024.04.07-05.03.54:721][166]LogPakFile: Precache HighWater 96MB

[2024.04.07-05.03.54:721][166]LogPakFile: Precache HighWater 112MB

[2024.04.07-05.03.54:721][166]LogPakFile: Precache HighWater 128MB

[2024.04.07-05.03.54:721][166]LogPakFile: Precache HighWater 144MB

[2024.04.07-05.03.54:721][166]LogPakFile: Precache HighWater 160MB

[2024.04.07-05.03.54:721][166]LogPakFile: Precache HighWater 176MB

[2024.04.07-05.03.54:756][166]LogAIModule: Creating AISystem for world Sandbox
[2024.04.07-05.03.54:756][166]LogAISub: UAISubsystem::UAISubsystem EnvQueryManager (0000020704278C00), frame # 166
[2024.04.07-05.03.54:756][166]LogAISub: UAISubsystem::UAISubsystem AIPerceptionSystem (000002074CD7D580), frame # 166
[2024.04.07-05.03.54:798][166]LogLoad: Game class is 'BP_KillEmAllGameMode_C'
[2024.04.07-05.03.54:837][166]LogWorld: Bringing World /Game/Sandbox.Sandbox up for play (max tick rate 0) at 2024.04.07-10.33.54
[2024.04.07-05.03.54:854][166]LogWorld: Bringing up level for play took: 0.054211
[2024.04.07-05.03.54:867][166]LogUMG: Display: Widget Class WBP_HUD_C - Loaded Fast Template.
[2024.04.07-05.03.54:872][166]LogLoad: Took 0.963870 seconds to LoadMap(/Game/Sandbox)
[2024.04.07-05.03.54:889][166]LogOutputDevice: Warning: 

Script Stack (0 frames):

[2024.04.07-05.03.54:905][166]LogStats: FPlatformStackWalk::StackWalkAndDump -  0.016 s
[2024.04.07-05.03.54:905][166]LogOutputDevice: Error: === Handled ensure: ===
[2024.04.07-05.03.54:905][166]LogOutputDevice: Error: 
[2024.04.07-05.03.54:905][166]LogOutputDevice: Error: Ensure condition failed: FMath::IsFinite(TexelFactor) [File:Runtime\Engine\Classes\Engine/TextureStreamingTypes.h] [Line: 96]
[2024.04.07-05.03.54:905][166]LogOutputDevice: Error: 
[2024.04.07-05.03.54:905][166]LogOutputDevice: Error: Stack: 
[2024.04.07-05.03.54:905][166]LogOutputDevice: Error: [Callstack] 0x00007ff7b1ce1116 SimpleShooter.exe!UnknownFunction []
[2024.04.07-05.03.54:905][166]LogOutputDevice: Error: [Callstack] 0x00007ff7afe4718f SimpleShooter.exe!UnknownFunction []
[2024.04.07-05.03.54:905][166]LogOutputDevice: Error: [Callstack] 0x00007ff7b07cac84 SimpleShooter.exe!UnknownFunction []
[2024.04.07-05.03.54:905][166]LogOutputDevice: Error: [Callstack] 0x00007ff7b077f76e SimpleShooter.exe!UnknownFunction []
[2024.04.07-05.03.54:905][166]LogOutputDevice: Error: [Callstack] 0x00007ff7b077ff04 SimpleShooter.exe!UnknownFunction []
[2024.04.07-05.03.54:905][166]LogOutputDevice: Error: [Callstack] 0x00007ff7b0780406 SimpleShooter.exe!UnknownFunction []
[2024.04.07-05.03.54:905][166]LogOutputDevice: Error: [Callstack] 0x00007ff7b079af19 SimpleShooter.exe!UnknownFunction []
[2024.04.07-05.03.54:905][166]LogOutputDevice: Error: [Callstack] 0x00007ff7aff441f6 SimpleShooter.exe!UnknownFunction []
[2024.04.07-05.03.54:905][166]LogOutputDevice: Error: [Callstack] 0x00007ff7aff3fe4b SimpleShooter.exe!UnknownFunction []
[2024.04.07-05.03.54:905][166]LogOutputDevice: Error: [Callstack] 0x00007ff7b003e5d1 SimpleShooter.exe!UnknownFunction []
[2024.04.07-05.03.54:905][166]LogOutputDevice: Error: [Callstack] 0x00007ff7ac204990 SimpleShooter.exe!UnknownFunction []
[2024.04.07-05.03.54:905][166]LogOutputDevice: Error: [Callstack] 0x00007ff7ac216ffc SimpleShooter.exe!UnknownFunction []
[2024.04.07-05.03.54:905][166]LogOutputDevice: Error: [Callstack] 0x00007ff7ac2170ba SimpleShooter.exe!UnknownFunction []
[2024.04.07-05.03.54:905][166]LogOutputDevice: Error: [Callstack] 0x00007ff7ac228350 SimpleShooter.exe!UnknownFunction []
[2024.04.07-05.03.54:905][166]LogOutputDevice: Error: [Callstack] 0x00007ff7b18cb51e SimpleShooter.exe!UnknownFunction []
[2024.04.07-05.03.54:905][166]LogOutputDevice: Error: [Callstack] 0x00007ff9b426257d KERNEL32.DLL!UnknownFunction []
[2024.04.07-05.03.54:905][166]LogOutputDevice: Error: [Callstack] 0x00007ff9b590aa58 ntdll.dll!UnknownFunction []
[2024.04.07-05.03.54:905][166]LogOutputDevice: Error: 
[2024.04.07-05.03.54:913][166]LogStats:                SubmitErrorReport -  0.000 s
[2024.04.07-05.03.55:324][166]LogStats:                    SendNewReport -  0.412 s
[2024.04.07-05.03.55:324][166]LogStats:             FDebug::EnsureFailed -  0.436 s
[2024.04.07-05.03.55:334][166]LogSlate: InvalidateAllWidgets triggered.  All widgets were invalidated
[2024.04.07-05.03.55:344][167]LogSlate: Took 0.000129 seconds to synchronously load lazily loaded font '../../../Engine/Content/EngineFonts/Faces/RobotoBold.ufont' (160K)
[2024.04.07-05.03.59:556][321]LogTemp: Warning: Health left 490.000000
[2024.04.07-05.04.00:583][365]LogTemp: Warning: Health left 480.000000
[2024.04.07-05.04.00:721][372]LogTemp: Warning: Health left 90.000000
[2024.04.07-05.04.00:912][383]LogTemp: Warning: Health left 80.000000
[2024.04.07-05.04.01:125][395]LogTemp: Warning: Health left 70.000000
[2024.04.07-05.04.01:294][405]LogTemp: Warning: Health left 60.000000
[2024.04.07-05.04.01:462][415]LogTemp: Warning: Health left 50.000000
[2024.04.07-05.04.01:614][424]LogTemp: Warning: Health left 470.000000
[2024.04.07-05.04.01:645][426]LogTemp: Warning: Health left 40.000000
[2024.04.07-05.04.01:991][447]LogTemp: Warning: Health left 30.000000
[2024.04.07-05.04.02:630][486]LogTemp: Warning: Health left 460.000000
[2024.04.07-05.04.03:659][550]LogTemp: Warning: Health left 450.000000
[2024.04.07-05.04.04:687][614]LogTemp: Warning: Health left 440.000000
[2024.04.07-05.04.05:135][642]LogUMG: Display: Widget Class Pusse_HUD_C - Loaded Fast Template.
[2024.04.07-05.04.05:141][642]LogSlate: Took 0.000304 seconds to synchronously load lazily loaded font '../../../SimpleShooter/Content/UI/Font/UrbanJungleDEMO.ufont' (238K)
[2024.04.07-05.04.07:927][816]LogSlate: Updating window title bar state: overlay mode, drag disabled, window buttons hidden, title bar hidden
[2024.04.07-05.04.07:927][816]LogUMG: Display: Widget Class Confirm_C - Loaded Fast Template.
[2024.04.07-05.04.08:905][877]Closing by request
[2024.04.07-05.04.08:905][877]LogWindows: FPlatformMisc::RequestExit(0)
[2024.04.07-05.04.08:905][877]LogCore: Engine exit requested (reason: Win RequestExit)
[2024.04.07-05.04.08:921][878]LogCore: Engine exit requested (reason: EngineExit() was called; note: exit was already requested)
[2024.04.07-05.04.08:923][878]LogAudio: Display: Shutting down audio device while 2 references to it are still alive. For more information, compile with INSTRUMENT_AUDIODEVICE_HANDLES.
[2024.04.07-05.04.08:967][878]LogInit: Display: PreExit Game.
[2024.04.07-05.04.08:975][878]LogWorld: BeginTearingDown for /Game/Sandbox
[2024.04.07-05.04.08:977][878]LogWorld: UWorld::CleanupWorld for Sandbox, bSessionEnded=true, bCleanupResources=true
[2024.04.07-05.04.08:986][878]LogSlate: InvalidateAllWidgets triggered.  All widgets were invalidated
[2024.04.07-05.04.09:427][878]LogSlate: Request Window 'SimpleShooter (64-bit Development PCD3D_SM5) ' being destroyed
[2024.04.07-05.04.09:431][878]LogSlate: Window 'SimpleShooter (64-bit Development PCD3D_SM5) ' being destroyed
[2024.04.07-05.04.09:432][878]LogWindowsTextInputMethodSystem: Display: IME system now deactivated.
[2024.04.07-05.04.09:453][878]LogExit: Preparing to exit.
[2024.04.07-05.04.09:454][878]LogMoviePlayer: Shutting down movie player
[2024.04.07-05.04.09:464][878]LogSlate: Updating window title bar state: overlay mode, drag disabled, window buttons hidden, title bar hidden
[2024.04.07-05.04.09:475][878]LogDemo: Cleaned up 0 splitscreen connections with owner deletion
[2024.04.07-05.04.09:478][878]LogExit: Game engine shut down
[2024.04.07-05.04.09:497][878]LogAISub: UAISubsystem::~UAISubsystem AISubsystem (000002076646D4C0), frame # 878
[2024.04.07-05.04.09:497][878]LogAISub: UAISubsystem::~UAISubsystem AIPerceptionSystem (00000207731268C0), frame # 878
[2024.04.07-05.04.09:497][878]LogAISub: UAISubsystem::~UAISubsystem EnvQueryManager (0000020774088200), frame # 878
[2024.04.07-05.04.09:500][878]LogAISub: UAISubsystem::~UAISubsystem AIPerceptionSystem (000002074CD7D580), frame # 878
[2024.04.07-05.04.09:500][878]LogAISub: UAISubsystem::~UAISubsystem EnvQueryManager (0000020704278C00), frame # 878
[2024.04.07-05.04.09:527][878]LogExit: Object subsystem successfully closed.
[2024.04.07-05.04.09:542][878]LogModuleManager: Shutting down and abandoning module AutomationController (318)
[2024.04.07-05.04.09:543][878]LogModuleManager: Shutting down and abandoning module AutomationWorker (316)
[2024.04.07-05.04.09:543][878]LogModuleManager: Shutting down and abandoning module Voice (314)
[2024.04.07-05.04.09:543][878]LogModuleManager: Shutting down and abandoning module AIModule (312)
[2024.04.07-05.04.09:543][878]LogModuleManager: Shutting down and abandoning module GameplayDebugger (311)
[2024.04.07-05.04.09:543][878]LogModuleManager: Shutting down and abandoning module NavigationSystem (309)
[2024.04.07-05.04.09:543][878]LogModuleManager: Shutting down and abandoning module WebMMediaFactory (306)
[2024.04.07-05.04.09:543][878]LogModuleManager: Shutting down and abandoning module WebMMedia (304)
[2024.04.07-05.04.09:543][878]LogModuleManager: Shutting down and abandoning module OculusMR (302)
[2024.04.07-05.04.09:543][878]LogModuleManager: Shutting down and abandoning module WmfMediaFactory (300)
[2024.04.07-05.04.09:543][878]LogModuleManager: Shutting down and abandoning module OpenExrWrapper (298)
[2024.04.07-05.04.09:543][878]LogModuleManager: Shutting down and abandoning module ImgMediaFactory (296)
[2024.04.07-05.04.09:543][878]LogModuleManager: Shutting down and abandoning module AvfMediaFactory (294)
[2024.04.07-05.04.09:543][878]LogModuleManager: Shutting down and abandoning module CharacterAI (292)
[2024.04.07-05.04.09:543][878]LogModuleManager: Shutting down and abandoning module PlanarCut (290)
[2024.04.07-05.04.09:543][878]LogModuleManager: Shutting down and abandoning module SessionServices (288)
[2024.04.07-05.04.09:543][878]LogModuleManager: Shutting down and abandoning module LiveCoding (286)
[2024.04.07-05.04.09:543][878]LogModuleManager: Shutting down and abandoning module LevelSequence (284)
[2024.04.07-05.04.09:543][878]LogModuleManager: Shutting down and abandoning module MovieSceneTracks (282)
[2024.04.07-05.04.09:543][878]LogModuleManager: Shutting down and abandoning module MovieScene (280)
[2024.04.07-05.04.09:544][878]LogModuleManager: Shutting down and abandoning module StreamingPauseRendering (278)
[2024.04.07-05.04.09:544][878]LogModuleManager: Shutting down and abandoning module AudioMixerXAudio2 (276)
[2024.04.07-05.04.09:544][878]LogModuleManager: Shutting down and abandoning module AudioMixerCore (275)
[2024.04.07-05.04.09:544][878]LogModuleManager: Shutting down and abandoning module ImageWriteQueue (272)
[2024.04.07-05.04.09:545][878]LogModuleManager: Shutting down and abandoning module ProfilerService (270)
[2024.04.07-05.04.09:585][878]LogModuleManager: Shutting down and abandoning module TaskGraph (268)
[2024.04.07-05.04.09:586][878]LogModuleManager: Shutting down and abandoning module Synthesis (266)
[2024.04.07-05.04.09:586][878]LogModuleManager: Shutting down and abandoning module OculusInput (264)
[2024.04.07-05.04.09:586][878]LogModuleManager: Shutting down and abandoning module MobilePatchingUtils (262)
[2024.04.07-05.04.09:586][878]LogModuleManager: Shutting down and abandoning module GooglePAD (260)
[2024.04.07-05.04.09:586][878]LogModuleManager: Shutting down and abandoning module CustomMeshComponent (258)
[2024.04.07-05.04.09:586][878]LogModuleManager: Shutting down and abandoning module CableComponent (256)
[2024.04.07-05.04.09:586][878]LogModuleManager: Shutting down and abandoning module AudioCapture (254)
[2024.04.07-05.04.09:586][878]LogModuleManager: Shutting down and abandoning module AudioCaptureRtAudio (253)
[2024.04.07-05.04.09:586][878]LogModuleManager: Shutting down and abandoning module AssetTags (250)
[2024.04.07-05.04.09:586][878]LogModuleManager: Shutting down and abandoning module ArchVisCharacter (248)
[2024.04.07-05.04.09:586][878]LogModuleManager: Shutting down and abandoning module AppleImageUtils (246)
[2024.04.07-05.04.09:586][878]LogModuleManager: Shutting down and abandoning module AndroidPermission (244)
[2024.04.07-05.04.09:586][878]LogModuleManager: Shutting down and abandoning module TemplateSequence (242)
[2024.04.07-05.04.09:586][878]LogModuleManager: Shutting down and abandoning module MediaCompositing (240)
[2024.04.07-05.04.09:586][878]LogModuleManager: Shutting down and abandoning module ImgMedia (238)
[2024.04.07-05.04.09:586][878]LogModuleManager: Shutting down and abandoning module MagicLeapLightEstimation (236)
[2024.04.07-05.04.09:586][878]LogModuleManager: Shutting down and abandoning module MagicLeapHelperVulkan (234)
[2024.04.07-05.04.09:586][878]LogModuleManager: Shutting down and abandoning module MagicLeapHelperOpenGL (232)
[2024.04.07-05.04.09:586][878]LogModuleManager: Shutting down and abandoning module MagicLeapAudio (230)
[2024.04.07-05.04.09:586][878]LogModuleManager: Shutting down and abandoning module MagicLeapSharedWorld (228)
[2024.04.07-05.04.09:586][878]LogModuleManager: Shutting down and abandoning module ChaosNiagara (226)
[2024.04.07-05.04.09:586][878]LogModuleManager: Shutting down and abandoning module ProceduralMeshComponent (224)
[2024.04.07-05.04.09:586][878]LogModuleManager: Shutting down and abandoning module GeometryCollectionTracks (222)
[2024.04.07-05.04.09:586][878]LogModuleManager: Shutting down and abandoning module EditableMesh (220)
[2024.04.07-05.04.09:586][878]LogModuleManager: Shutting down and abandoning module MeshSolverUtilities (218)
[2024.04.07-05.04.09:586][878]LogModuleManager: Shutting down and abandoning module MeshConversion (216)
[2024.04.07-05.04.09:586][878]LogModuleManager: Shutting down and abandoning module DynamicMesh (214)
[2024.04.07-05.04.09:586][878]LogModuleManager: Shutting down and abandoning module GeometryAlgorithms (212)
[2024.04.07-05.04.09:586][878]LogModuleManager: Shutting down and abandoning module GeometricObjects (210)
[2024.04.07-05.04.09:586][878]LogModuleManager: Shutting down and abandoning module ChaosCloth (208)
[2024.04.07-05.04.09:586][878]LogModuleManager: Shutting down and abandoning module BackChannel (206)
[2024.04.07-05.04.09:586][878]LogModuleManager: Shutting down and abandoning module AutomationUtils (204)
[2024.04.07-05.04.09:586][878]LogModuleManager: Shutting down and abandoning module GeometryCacheTracks (202)
[2024.04.07-05.04.09:586][878]LogModuleManager: Shutting down and abandoning module GeometryCache (200)
[2024.04.07-05.04.09:586][878]LogModuleManager: Shutting down and abandoning module UObjectPlugin (198)
[2024.04.07-05.04.09:586][878]LogModuleManager: Shutting down and abandoning module SimpleShooter (196)
[2024.04.07-05.04.09:586][878]LogModuleManager: Shutting down and abandoning module SoundFields (194)
[2024.04.07-05.04.09:586][878]LogModuleManager: Shutting down and abandoning module RuntimePhysXCooking (192)
[2024.04.07-05.04.09:586][878]LogModuleManager: Shutting down and abandoning module LocationServicesBPLibrary (188)
[2024.04.07-05.04.09:586][878]LogModuleManager: Shutting down and abandoning module ActorSequence (186)
[2024.04.07-05.04.09:586][878]LogModuleManager: Shutting down and abandoning module UdpMessaging (184)
[2024.04.07-05.04.09:586][878]LogModuleManager: Shutting down and abandoning module TcpMessaging (182)
[2024.04.07-05.04.09:586][878]LogModuleManager: Shutting down and abandoning module MagicLeapHandMeshing (180)
[2024.04.07-05.04.09:586][878]LogModuleManager: Shutting down and abandoning module MagicLeapSecureStorage (178)
[2024.04.07-05.04.09:586][878]LogModuleManager: Shutting down and abandoning module MagicLeapPrivileges (176)
[2024.04.07-05.04.09:587][878]LogModuleManager: Shutting down and abandoning module MagicLeapPlanes (174)
[2024.04.07-05.04.09:587][878]LogModuleManager: Shutting down and abandoning module MagicLeapImageTracker (172)
[2024.04.07-05.04.09:587][878]LogModuleManager: Shutting down and abandoning module MagicLeapIdentity (170)
[2024.04.07-05.04.09:587][878]LogModuleManager: Shutting down and abandoning module MagicLeapHandTracking (168)
[2024.04.07-05.04.09:587][878]LogModuleManager: Shutting down and abandoning module MagicLeapEyeTracker (166)
[2024.04.07-05.04.09:587][878]LogModuleManager: Shutting down and abandoning module MagicLeapController (164)
[2024.04.07-05.04.09:587][878]LogSlate: Slate User Destroyed.  User Index 0, Is Virtual User: 0
[2024.04.07-05.04.09:587][878]LogModuleManager: Shutting down and abandoning module MagicLeapARPinImpl (162)
[2024.04.07-05.04.09:587][878]LogModuleManager: Shutting down and abandoning module MagicLeapAR (160)
[2024.04.07-05.04.09:587][878]LogModuleManager: Shutting down and abandoning module AugmentedReality (159)
[2024.04.07-05.04.09:587][878]LogModuleManager: Shutting down and abandoning module MagicLeapARPin (156)
[2024.04.07-05.04.09:587][878]LogModuleManager: Shutting down and abandoning module NiagaraAnimNotifies (154)
[2024.04.07-05.04.09:587][878]LogModuleManager: Shutting down and abandoning module Niagara (152)
[2024.04.07-05.04.09:587][878]LogModuleManager: Shutting down and abandoning module SignalProcessing (151)
[2024.04.07-05.04.09:587][878]LogModuleManager: Shutting down and abandoning module NiagaraCore (148)
[2024.04.07-05.04.09:587][878]LogModuleManager: Shutting down and abandoning module FacialAnimation (146)
[2024.04.07-05.04.09:587][878]LogModuleManager: Shutting down and abandoning module SignificanceManager (144)
[2024.04.07-05.04.09:587][878]LogModuleManager: Shutting down and abandoning module AnimationSharing (142)
[2024.04.07-05.04.09:587][878]LogModuleManager: Shutting down and abandoning module LightPropagationVolumeRuntime (140)
[2024.04.07-05.04.09:587][878]LogModuleManager: Shutting down and abandoning module Paper2D (138)
[2024.04.07-05.04.09:587][878]LogModuleManager: Shutting down and abandoning module WindowsMoviePlayer (136)
[2024.04.07-05.04.09:587][878]LogModuleManager: Shutting down and abandoning module WebMMoviePlayer (134)
[2024.04.07-05.04.09:587][878]LogModuleManager: Shutting down and abandoning module NetworkReplayStreaming (132)
[2024.04.07-05.04.09:587][878]LogModuleManager: Shutting down and abandoning module PacketHandler (130)
[2024.04.07-05.04.09:587][878]LogModuleManager: Shutting down and abandoning module ClothingSystemRuntimeNv (128)
[2024.04.07-05.04.09:589][878]LogModuleManager: Shutting down and abandoning module MediaAssets (126)
[2024.04.07-05.04.09:589][878]LogModuleManager: Shutting down and abandoning module Overlay (124)
[2024.04.07-05.04.09:589][878]LogModuleManager: Shutting down and abandoning module FunctionalTesting (122)
[2024.04.07-05.04.09:589][878]LogModuleManager: Shutting down and abandoning module MessageLog (120)
[2024.04.07-05.04.09:589][878]LogModuleManager: Shutting down and abandoning module UMG (118)
[2024.04.07-05.04.09:589][878]LogModuleManager: Shutting down and abandoning module SlateReflector (116)
[2024.04.07-05.04.09:590][878]LogModuleManager: Shutting down and abandoning module Slate (114)
[2024.04.07-05.04.09:590][878]LogModuleManager: Shutting down and abandoning module SlateCore (112)
[2024.04.07-05.04.09:590][878]LogModuleManager: Shutting down and abandoning module MRMesh (110)
[2024.04.07-05.04.09:590][878]LogModuleManager: Shutting down and abandoning module Messaging (108)
[2024.04.07-05.04.09:590][878]LogModuleManager: Shutting down and abandoning module HeadMountedDisplay (106)
[2024.04.07-05.04.09:590][878]LogModuleManager: Shutting down and abandoning module XAudio2 (104)
[2024.04.07-05.04.09:590][878]LogModuleManager: Shutting down and abandoning module Networking (102)
[2024.04.07-05.04.09:590][878]LogModuleManager: Shutting down and abandoning module Core (100)
[2024.04.07-05.04.09:590][878]LogModuleManager: Shutting down and abandoning module ImageWrapper (96)
[2024.04.07-05.04.09:590][878]LogModuleManager: Shutting down and abandoning module InputCore (94)
[2024.04.07-05.04.09:590][878]LogModuleManager: Shutting down and abandoning module Settings (92)
[2024.04.07-05.04.09:590][878]LogModuleManager: Shutting down and abandoning module PhysXCooking (90)
[2024.04.07-05.04.09:590][878]LogModuleManager: Shutting down and abandoning module ChaosSolvers (88)
[2024.04.07-05.04.09:591][878]LogModuleManager: Shutting down and abandoning module FieldSystemEngine (87)
[2024.04.07-05.04.09:591][878]LogModuleManager: Shutting down and abandoning module Chaos (84)
[2024.04.07-05.04.09:591][878]LogModuleManager: Shutting down and abandoning module WindowsPlatformFeatures (82)
[2024.04.07-05.04.09:591][878]LogModuleManager: Shutting down and abandoning module GameplayMediaEncoder (81)
[2024.04.07-05.04.09:591][878]LogModuleManager: Shutting down and abandoning module AVEncoder (80)
[2024.04.07-05.04.09:591][878]LogModuleManager: Shutting down and abandoning module SteamVRInputDevice (76)
[2024.04.07-05.04.09:591][878]LogModuleManager: Shutting down and abandoning module SteamVRInput (74)
[2024.04.07-05.04.09:591][878]LogModuleManager: Shutting down and abandoning module SteamVR (72)
[2024.04.07-05.04.09:591][878]LogHMD: Freeing OpenVRDLLHandle.
[2024.04.07-05.04.09:591][878]LogModuleManager: Shutting down and abandoning module OculusHMD (70)
[2024.04.07-05.04.09:591][878]LogModuleManager: Shutting down and abandoning module ExampleDeviceProfileSelector (68)
[2024.04.07-05.04.09:591][878]LogModuleManager: Shutting down and abandoning module LauncherChunkInstaller (66)
[2024.04.07-05.04.09:591][878]LogModuleManager: Shutting down and abandoning module OnlineSubsystem (62)
[2024.04.07-05.04.09:592][878]LogModuleManager: Shutting down and abandoning module HTTP (57)
[2024.04.07-05.04.09:593][878]LogModuleManager: Shutting down and abandoning module SSL (56)
[2024.04.07-05.04.09:594][878]LogModuleManager: Shutting down and abandoning module WmfMedia (52)
[2024.04.07-05.04.09:595][878]LogModuleManager: Shutting down and abandoning module Media (51)
[2024.04.07-05.04.09:596][878]LogModuleManager: Shutting down and abandoning module MagicLeap (48)
[2024.04.07-05.04.09:596][878]LogModuleManager: Shutting down and abandoning module NiagaraVertexFactories (46)
[2024.04.07-05.04.09:596][878]LogModuleManager: Shutting down and abandoning module NiagaraShader (44)
[2024.04.07-05.04.09:596][878]LogModuleManager: Shutting down and abandoning module VariantManagerContent (42)
[2024.04.07-05.04.09:596][878]LogModuleManager: Shutting down and abandoning module DatasmithContent (40)
[2024.04.07-05.04.09:596][878]LogModuleManager: Shutting down and abandoning module AISupportModule (38)
[2024.04.07-05.04.09:596][878]LogModuleManager: Shutting down and abandoning module PlatformCryptoOpenSSL (36)
[2024.04.07-05.04.09:596][878]LogModuleManager: Shutting down and abandoning module PlatformCryptoTypes (34)
[2024.04.07-05.04.09:596][878]LogModuleManager: Shutting down and abandoning module PlatformCrypto (32)
[2024.04.07-05.04.09:596][878]LogModuleManager: Shutting down and abandoning module RenderCore (30)
[2024.04.07-05.04.09:596][878]LogModuleManager: Shutting down and abandoning module Landscape (28)
[2024.04.07-05.04.09:596][878]LogModuleManager: Shutting down and abandoning module SlateRHIRenderer (26)
[2024.04.07-05.04.09:596][878]LogModuleManager: Shutting down and abandoning module OpenGLDrv (24)
[2024.04.07-05.04.09:596][878]LogModuleManager: Shutting down and abandoning module D3D11RHI (22)
[2024.04.07-05.04.09:596][878]LogModuleManager: Shutting down and abandoning module AnimGraphRuntime (20)
[2024.04.07-05.04.09:596][878]LogModuleManager: Shutting down and abandoning module Renderer (18)
[2024.04.07-05.04.09:596][878]LogModuleManager: Shutting down and abandoning module Engine (16)
[2024.04.07-05.04.09:596][878]LogModuleManager: Shutting down and abandoning module CoreUObject (14)
[2024.04.07-05.04.09:596][878]LogModuleManager: Shutting down and abandoning module NetworkFile (12)
[2024.04.07-05.04.09:596][878]LogModuleManager: Shutting down and abandoning module CookedIterativeFile (10)
[2024.04.07-05.04.09:596][878]LogModuleManager: Shutting down and abandoning module StreamingFile (8)
[2024.04.07-05.04.09:596][878]LogModuleManager: Shutting down and abandoning module SandboxFile (6)
[2024.04.07-05.04.09:596][878]LogModuleManager: Shutting down and abandoning module PakFile (4)
[2024.04.07-05.04.09:598][878]LogModuleManager: Shutting down and abandoning module RSA (3)
[2024.04.07-05.04.09:598][878]LogContentStreaming: Display: There are 1 unreleased StreamingManagers
[2024.04.07-05.04.09:599][878]LogD3D11RHI: Shutdown
[2024.04.07-05.04.09:599][878]LogD3D11RHI: CleanupD3DDevice
[2024.04.07-05.04.09:615][878]LogExit: Exiting.
[2024.04.07-05.04.09:618][878]Log file closed, 04/07/24 10:34:09
